<?xml version="1.0" encoding="UTF-8"?>
<testng-results ignored="0" total="1" passed="1" failed="0" skipped="0">
  <reporter-output>
  </reporter-output>
  <suite started-at="2023-04-14T19:37:12 IST" name="Default suite" finished-at="2023-04-14T19:37:14 IST" duration-ms="2586">
    <groups>
    </groups>
    <test started-at="2023-04-14T19:37:12 IST" name="Default test" finished-at="2023-04-14T19:37:14 IST" duration-ms="2586">
      <class name="Tests.loginTests">
        <test-method signature="loginTest()[pri:0, instance:Tests.loginTests@7b9a4292]" started-at="2023-04-14T19:37:12 IST" name="loginTest" finished-at="2023-04-14T19:37:14 IST" duration-ms="2562" status="PASS">
          <reporter-output>
          </reporter-output>
        </test-method> <!-- loginTest -->
      </class> <!-- Tests.loginTests -->
    </test> <!-- Default test -->
  </suite> <!-- Default suite -->
</testng-results>
